<?xml version='1.0' encoding='UTF-8'?>
<testsuite hostname="dhirendra-Vostro-14-3468" name="Test1" tests="1" errors="0" failures="0" skipped="0" time="0.033" timestamp="2020-10-04T10:06:29">
                     <properties>
[...]
</properties>
                     <testcase classname="Test1" name="t1" time="0.033">
                                                 
                                               </testcase>
                     <system-out><![CDATA[]]></system-out>
                     <system-err><![CDATA[]]></system-err>
                   </testsuite>